Removed Pin From Net: NetName=GND Pin=C5-1
Removed Pin From Net: NetName=XT2 Pin=C5-2
Added Component: Designator=HC(HC05_Bluetooth)
Added Component: Designator=K1(RelayMilionMiniS-Z)
Added Component: Designator=K2(RelayMilionMiniS-Z)
Added Component: Designator=PJ(PJ1117s)
Added Pin To Net: NetName=XT2 Pin=C5-1
Added Pin To Net: NetName=GND Pin=C5-2
Added Pin To Net: NetName=B_TX Pin=HC-1
Added Pin To Net: NetName=B_RX Pin=HC-2
Added Pin To Net: NetName=B_RST Pin=HC-11
Added Pin To Net: NetName=VCC+3.3V Pin=HC-12
Added Pin To Net: NetName=GND Pin=HC-13
Added Pin To Net: NetName=GND Pin=HC-21
Added Pin To Net: NetName=GND Pin=HC-22
Added Pin To Net: NetName=LED_BL Pin=HC-31
Added Pin To Net: NetName=NetHC_34 Pin=HC-34
Added Pin To Net: NetName=VCC Pin=K1-1
Added Pin To Net: NetName=PHASE1 Pin=K1-3
Added Pin To Net: NetName=NetD3_A Pin=K1-4
Added Pin To Net: NetName=PHASEN1 Pin=K1-5
Added Pin To Net: NetName=VCC Pin=K2-1
Added Pin To Net: NetName=PHASE2 Pin=K2-3
Added Pin To Net: NetName=NetD2_A Pin=K2-4
Added Pin To Net: NetName=PHASEN2 Pin=K2-5
Added Pin To Net: NetName=GND Pin=PJ-1
Added Pin To Net: NetName=VCC3.3 Pin=PJ-2
Added Pin To Net: NetName=VCC Pin=PJ-3
Added Member To Class: ClassName=BMS_LOST_V2 Member=Component HC HC05_Bluetooth
Added Member To Class: ClassName=BMS_LOST_V2 Member=Component K1 Relay
Added Member To Class: ClassName=BMS_LOST_V2 Member=Component K2 Relay
Added Member To Class: ClassName=BMS_LOST_V2 Member=Component PJ PJ1117_3.3V
Added Room: Name=BMS_LOST_V2
